Flow report for space_invaders
Wed Apr 05 13:39:51 2017
Quartus Prime Version 16.0.0 Build 211 04/27/2016 SJ Lite Edition


---------------------
; Table of Contents ;
---------------------
  1. Legal Notice
  2. Flow Summary
  3. Flow Settings
  4. Flow Non-Default Global Settings
  5. Flow Elapsed Time
  6. Flow OS Summary
  7. Flow Log
  8. Flow Messages
  9. Flow Suppressed Messages



----------------
; Legal Notice ;
----------------
Copyright (C) 1991-2016 Altera Corporation. All rights reserved.
Your use of Altera Corporation's design tools, logic functions 
and other software and tools, and its AMPP partner logic 
functions, and any output files from any of the foregoing 
(including device programming or simulation files), and any 
associated documentation or information are expressly subject 
to the terms and conditions of the Altera Program License 
Subscription Agreement, the Altera Quartus Prime License Agreement,
the Altera MegaCore Function License Agreement, or other 
applicable license agreement, including, without limitation, 
that your use is for the sole purpose of programming logic 
devices manufactured by Altera and sold by Altera or its 
authorized distributors.  Please refer to the applicable 
agreement for further details.



+-------------------------------------------------------------------------------+
; Flow Summary                                                                  ;
+---------------------------------+---------------------------------------------+
; Flow Status                     ; Successful - Wed Apr 05 13:39:50 2017       ;
; Quartus Prime Version           ; 16.0.0 Build 211 04/27/2016 SJ Lite Edition ;
; Revision Name                   ; space_invaders                              ;
; Top-level Entity Name           ; vhdl_space_invaders_top                     ;
; Family                          ; Cyclone V                                   ;
; Device                          ; 5CSEMA5F31C6                                ;
; Timing Models                   ; Final                                       ;
; Logic utilization (in ALMs)     ; 11,108 / 32,070 ( 35 % )                    ;
; Total registers                 ; 2763                                        ;
; Total pins                      ; 34 / 457 ( 7 % )                            ;
; Total virtual pins              ; 0                                           ;
; Total block memory bits         ; 0 / 4,065,280 ( 0 % )                       ;
; Total DSP Blocks                ; 0 / 87 ( 0 % )                              ;
; Total HSSI RX PCSs              ; 0                                           ;
; Total HSSI PMA RX Deserializers ; 0                                           ;
; Total HSSI TX PCSs              ; 0                                           ;
; Total HSSI PMA TX Serializers   ; 0                                           ;
; Total PLLs                      ; 1 / 6 ( 17 % )                              ;
; Total DLLs                      ; 0 / 4 ( 0 % )                               ;
+---------------------------------+---------------------------------------------+


+-----------------------------------------+
; Flow Settings                           ;
+-------------------+---------------------+
; Option            ; Setting             ;
+-------------------+---------------------+
; Start date & time ; 04/05/2017 13:30:08 ;
; Main task         ; Compilation         ;
; Revision Name     ; space_invaders      ;
+-------------------+---------------------+


+-----------------------------------------------------------------------------------------------------------------------------------+
; Flow Non-Default Global Settings                                                                                                  ;
+-------------------------------------+---------------------------------+----------------+-------------------------+----------------+
; Assignment Name                     ; Value                           ; Default Value  ; Entity Name             ; Section Id     ;
+-------------------------------------+---------------------------------+----------------+-------------------------+----------------+
; COMPILER_SIGNATURE_ID               ; 264012514194490.149141340813804 ; --             ; --                      ; --             ;
; EDA_OUTPUT_DATA_FORMAT              ; Verilog Hdl                     ; --             ; --                      ; eda_simulation ;
; EDA_SIMULATION_TOOL                 ; ModelSim-Altera (Verilog)       ; <None>         ; --                      ; --             ;
; EDA_TIME_SCALE                      ; 1 ps                            ; --             ; --                      ; eda_simulation ;
; MAX_CORE_JUNCTION_TEMP              ; 85                              ; --             ; --                      ; --             ;
; MIN_CORE_JUNCTION_TEMP              ; 0                               ; --             ; --                      ; --             ;
; MISC_FILE                           ; vga_clk.cmp                     ; --             ; --                      ; --             ;
; MISC_FILE                           ; vga_clk_sim/vga_clk.vho         ; --             ; --                      ; --             ;
; PARTITION_COLOR                     ; 16764057                        ; --             ; vhdl_space_invaders_top ; Top            ;
; PARTITION_FITTER_PRESERVATION_LEVEL ; PLACEMENT_AND_ROUTING           ; --             ; vhdl_space_invaders_top ; Top            ;
; PARTITION_NETLIST_TYPE              ; SOURCE                          ; --             ; vhdl_space_invaders_top ; Top            ;
; PROJECT_OUTPUT_DIRECTORY            ; output_files                    ; --             ; --                      ; --             ;
; SPD_FILE                            ; vga_clk.spd                     ; --             ; --                      ; --             ;
; SYNTHESIS_ONLY_QIP                  ; On                              ; --             ; --                      ; --             ;
; TOP_LEVEL_ENTITY                    ; vhdl_space_invaders_top         ; space_invaders ; --                      ; --             ;
+-------------------------------------+---------------------------------+----------------+-------------------------+----------------+


+-------------------------------------------------------------------------------------------------------------------------------+
; Flow Elapsed Time                                                                                                             ;
+---------------------------+--------------+-------------------------+---------------------+------------------------------------+
; Module Name               ; Elapsed Time ; Average Processors Used ; Peak Virtual Memory ; Total CPU Time (on all processors) ;
+---------------------------+--------------+-------------------------+---------------------+------------------------------------+
; Analysis & Synthesis      ; 00:01:19     ; 1.4                     ; 1181 MB             ; 00:01:53                           ;
; Fitter                    ; 00:06:51     ; 1.1                     ; 2541 MB             ; 00:13:06                           ;
; Assembler                 ; 00:00:17     ; 1.0                     ; 1061 MB             ; 00:00:15                           ;
; TimeQuest Timing Analyzer ; 00:00:53     ; 1.8                     ; 1480 MB             ; 00:01:29                           ;
; EDA Netlist Writer        ; 00:00:08     ; 1.0                     ; 1160 MB             ; 00:00:08                           ;
; Total                     ; 00:09:28     ; --                      ; --                  ; 00:16:51                           ;
+---------------------------+--------------+-------------------------+---------------------+------------------------------------+


+----------------------------------------------------------------------------------------+
; Flow OS Summary                                                                        ;
+---------------------------+------------------+-----------+------------+----------------+
; Module Name               ; Machine Hostname ; OS Name   ; OS Version ; Processor type ;
+---------------------------+------------------+-----------+------------+----------------+
; Analysis & Synthesis      ; DESKTOP-OOVJK81  ; Windows 8 ; 6.2        ; x86_64         ;
; Fitter                    ; DESKTOP-OOVJK81  ; Windows 8 ; 6.2        ; x86_64         ;
; Assembler                 ; DESKTOP-OOVJK81  ; Windows 8 ; 6.2        ; x86_64         ;
; TimeQuest Timing Analyzer ; DESKTOP-OOVJK81  ; Windows 8 ; 6.2        ; x86_64         ;
; EDA Netlist Writer        ; DESKTOP-OOVJK81  ; Windows 8 ; 6.2        ; x86_64         ;
+---------------------------+------------------+-----------+------------+----------------+


------------
; Flow Log ;
------------
quartus_map --read_settings_files=on --write_settings_files=off space_invaders -c space_invaders
quartus_fit --read_settings_files=off --write_settings_files=off space_invaders -c space_invaders
quartus_asm --read_settings_files=off --write_settings_files=off space_invaders -c space_invaders
quartus_sta space_invaders -c space_invaders
quartus_eda --read_settings_files=off --write_settings_files=off space_invaders -c space_invaders



